2025-03-17 08:44:06 [main] INFO  marmota_mobilidade.system.Menu - Iniciando sistema como Administrador. 
2025-03-17 08:46:25 [main] INFO  marmota_mobilidade.system.Menu - Iniciando sistema como Administrador. 
2025-03-17 08:47:48 [main] INFO  marmota_mobilidade.system.Menu - Iniciando sistema como Administrador. 
2025-03-17 08:51:42 [main] INFO  marmota_mobilidade.system.Menu - Iniciando sistema como Administrador. 
2025-03-17 08:51:46 [main] INFO  marmota_mobilidade.system.Menu - Iniciando criação de falha 
2025-03-17 08:51:50 [main] INFO  marmota_mobilidade.system.Menu - Falha adiciona com sucesso 
2025-03-17 08:52:32 [main] INFO  marmota_mobilidade.system.Menu - Iniciando criação de usuário. 
2025-03-17 08:54:58 [main] INFO  marmota_mobilidade.system.Menu - Iniciando sistema como Administrador. 
2025-03-17 08:54:59 [main] INFO  marmota_mobilidade.system.Menu - Iniciando criação de usuário. 
2025-03-17 08:55:06 [main] INFO  marmota_mobilidade.system.Menu - Iniciando criação de adminsrador. 
2025-03-17 09:09:53 [main] INFO  marmota_mobilidade.system.Menu - Iniciando sistema como Administrador. 
2025-03-17 09:19:07 [main] INFO  marmota_mobilidade.system.Menu - Iniciando sistema como Administrador. 
2025-03-17 09:21:07 [main] INFO  marmota_mobilidade.system.Menu - Iniciando sistema como Administrador. 
2025-03-17 09:21:12 [main] INFO  marmota_mobilidade.system.Menu - Iniciando criação de relatorio. 
2025-03-17 09:21:15 [main] INFO  marmota_mobilidade.system.Menu - Relatório criado com sucesso. 
2025-03-17 09:22:49 [main] INFO  marmota_mobilidade.system.Menu - Iniciando sistema como Administrador. 
2025-03-17 09:22:53 [main] INFO  marmota_mobilidade.system.Menu - Iniciando criação de relatorio. 
2025-03-17 09:22:55 [main] INFO  marmota_mobilidade.system.Menu - Relatório criado com sucesso. 
2025-03-17 09:23:29 [main] INFO  marmota_mobilidade.system.Menu - Iniciando sistema como Administrador. 
2025-03-17 09:24:13 [main] INFO  marmota_mobilidade.system.Menu - Iniciando sistema como Administrador. 
2025-03-17 09:24:19 [main] INFO  marmota_mobilidade.system.Menu - Iniciando sistema como Administrador. 
2025-03-17 09:30:01 [main] INFO  marmota_mobilidade.system.Menu - Iniciando sistema como Administrador. 
2025-03-17 09:30:21 [main] INFO  marmota_mobilidade.system.Menu - Iniciando sistema como Administrador. 
2025-03-17 09:31:00 [main] INFO  marmota_mobilidade.system.Menu - Iniciando sistema como Administrador. 
2025-03-17 09:31:44 [main] INFO  marmota_mobilidade.system.Menu - Iniciando sistema como Administrador. 
2025-03-17 09:49:17 [main] INFO  marmota_mobilidade.system.Menu - Iniciando sistema como Administrador. 
2025-03-17 09:49:21 [main] INFO  marmota_mobilidade.system.Menu - Iniciando sistema como Administrador. 
2025-03-17 10:17:21 [main] INFO  marmota_mobilidade.system.Menu - Iniciando sistema como Administrador. 
2025-03-17 10:21:27 [main] INFO  marmota_mobilidade.system.Menu - Iniciando criação de usuário. 
2025-03-17 10:21:32 [main] INFO  marmota_mobilidade.system.Menu - Iniciando criação de operador. 
2025-03-17 10:21:47 [main] INFO  marmota_mobilidade.system.Menu - Iniciando criação de relatorio. 
2025-03-17 10:21:48 [main] INFO  marmota_mobilidade.system.Menu - Relatório criado com sucesso. 
2025-03-17 10:22:16 [main] INFO  marmota_mobilidade.system.Menu - Iniciando sistema como Administrador. 
2025-03-17 10:26:14 [main] INFO  marmota_mobilidade.system.Menu - Iniciando sistema como Administrador. 
2025-03-17 10:26:22 [main] INFO  marmota_mobilidade.system.Menu - Iniciando criação de relatorio. 
2025-03-17 10:26:25 [main] INFO  marmota_mobilidade.system.Menu - Relatório criado com sucesso. 
2025-03-17 17:54:41 [main] INFO  marmota_mobilidade.system.Menu - Iniciando sistema como Administrador. 
2025-03-17 17:56:24 [main] INFO  marmota_mobilidade.system.Menu - Iniciando criação de falha 
2025-03-17 17:56:36 [main] INFO  marmota_mobilidade.system.Menu - Falha adiciona com sucesso 
2025-03-17 18:13:39 [main] INFO  marmota_mobilidade.system.Menu - Iniciando sistema como Administrador. 
2025-03-17 18:13:43 [main] INFO  marmota_mobilidade.system.Menu - Iniciando criação de relatorio. 
2025-03-17 18:14:05 [main] INFO  marmota_mobilidade.system.Menu - Relatório criado com sucesso. 
2025-03-17 18:14:26 [main] INFO  marmota_mobilidade.system.Menu - Iniciando criação de falha 
2025-03-17 18:14:31 [main] INFO  marmota_mobilidade.system.Menu - Falha adiciona com sucesso 
2025-03-17 18:14:32 [main] INFO  marmota_mobilidade.system.Menu - Iniciando criação de falha 
2025-03-17 18:14:39 [main] INFO  marmota_mobilidade.system.Menu - Falha adiciona com sucesso 
2025-03-17 18:14:40 [main] INFO  marmota_mobilidade.system.Menu - Iniciando criação de falha 
2025-03-17 18:14:45 [main] INFO  marmota_mobilidade.system.Menu - Falha adiciona com sucesso 
2025-03-17 18:14:55 [main] INFO  marmota_mobilidade.system.Menu - Iniciando criação de relatorio. 
2025-03-17 18:15:12 [main] INFO  marmota_mobilidade.system.Menu - Relatório criado com sucesso. 
2025-03-17 18:18:02 [main] INFO  marmota_mobilidade.system.Menu - Iniciando criação de relatorio. 
